<?xml version="1.0" encoding="UTF-8"?>
<!-- Generated by org.testng.reporters.JUnitReportReporter -->
<testsuite skipped="0" hostname="IBM038-R90J5NEW" name="com.training.sanity.tests.LoginTests" tests="1" failures="0" timestamp="23 Sep 2019 19:45:36 GMT" time="13.725" errors="0">
  <testcase name="validLoginTest" time="13.725" classname="com.training.sanity.tests.LoginTests"/>
</testsuite> <!-- com.training.sanity.tests.LoginTests -->
