<?xml version="1.0" encoding="UTF-8"?>
<!-- Generated by org.testng.reporters.JUnitReportReporter -->
<testsuite skipped="0" hostname="IBM038-R90J5NEW" name="com.training.sanity.tests.LostPswd" tests="1" failures="0" timestamp="23 Oct 2019 18:23:08 GMT" time="20.087" errors="0">
  <testcase name="editProfileResetPassword" time="20.087" classname="com.training.sanity.tests.LostPswd"/>
</testsuite> <!-- com.training.sanity.tests.LostPswd -->
