<?xml version="1.0" encoding="UTF-8"?>
<!-- Generated by org.testng.reporters.JUnitReportReporter -->
<testsuite skipped="0" hostname="IBM038-R90J5NEW" name="com.training.sanity.tests.UserAdd" tests="4" failures="0" timestamp="15 Oct 2019 03:46:09 GMT" time="90.616" errors="0">
  <testcase name="loginAdmin" time="27.319" classname="com.training.sanity.tests.UserAdd"/>
  <testcase name="loginAdmin" time="21.805" classname="com.training.sanity.tests.UserAdd"/>
  <testcase name="loginAdmin" time="21.483" classname="com.training.sanity.tests.UserAdd"/>
  <testcase name="loginAdmin" time="20.009" classname="com.training.sanity.tests.UserAdd"/>
</testsuite> <!-- com.training.sanity.tests.UserAdd -->
