<?xml version="1.0" encoding="UTF-8"?>
<!-- Generated by org.testng.reporters.JUnitReportReporter -->
<testsuite skipped="0" hostname="IBM038-R90J5NEW" name="com.training.sanity.tests.AdminTest" tests="1" failures="0" timestamp="14 Oct 2019 15:49:12 GMT" time="103.390" errors="0">
  <testcase name="adminTestModule" time="103.390" classname="com.training.sanity.tests.AdminTest"/>
</testsuite> <!-- com.training.sanity.tests.AdminTest -->
