<?xml version="1.0" encoding="UTF-8"?>
<!-- Generated by org.testng.reporters.JUnitReportReporter -->
<testsuite skipped="0" hostname="IBM038-R90J5NEW" name="com.training.sanity.tests.CourseTest" tests="1" failures="0" timestamp="07 Oct 2019 17:33:34 GMT" time="27.867" errors="0">
  <testcase name="CourseTestModule" time="27.867" classname="com.training.sanity.tests.CourseTest"/>
</testsuite> <!-- com.training.sanity.tests.CourseTest -->
