<?xml version="1.0" encoding="UTF-8"?>
<!-- Generated by org.testng.reporters.JUnitReportReporter -->
<testsuite skipped="0" hostname="IBM038-R90J5NEW" name="com.training.sanity.tests.CreateTakeQuiz" tests="1" failures="0" timestamp="17 Oct 2019 21:33:37 GMT" time="63.455" errors="0">
  <testcase name="adminTestModule" time="63.455" classname="com.training.sanity.tests.CreateTakeQuiz"/>
</testsuite> <!-- com.training.sanity.tests.CreateTakeQuiz -->
