<?xml version="1.0" encoding="UTF-8"?>
<!-- Generated by org.testng.reporters.JUnitReportReporter -->
<testsuite skipped="0" hostname="IBM038-R90J5NEW" name="com.training.sanity.tests.CourseCatalogSearch" tests="1" failures="0" timestamp="24 Sep 2019 19:30:04 GMT" time="23.759" errors="0">
  <testcase name="CourseCatalogSearchFunction" time="23.759" classname="com.training.sanity.tests.CourseCatalogSearch"/>
</testsuite> <!-- com.training.sanity.tests.CourseCatalogSearch -->
