<?xml version="1.0" encoding="UTF-8"?>
<!-- Generated by org.testng.reporters.JUnitReportReporter -->
<testsuite skipped="0" hostname="IBM038-R90J5NEW" name="com.training.sanity.tests.LostPswd" tests="1" failures="0" timestamp="24 Sep 2019 19:59:01 GMT" time="18.529" errors="0">
  <testcase name="editProfileResetPassword" time="18.529" classname="com.training.sanity.tests.LostPswd"/>
</testsuite> <!-- com.training.sanity.tests.LostPswd -->
