<?xml version="1.0" encoding="UTF-8"?>
<!-- Generated by org.testng.reporters.JUnitReportReporter -->
<testsuite skipped="0" hostname="IBM038-R90J5NEW" name="com.training.sanity.tests.ProjectCreation" tests="1" failures="0" timestamp="03 Oct 2019 18:09:15 GMT" time="29.851" errors="0">
  <testcase name="ProjectModule" time="29.851" classname="com.training.sanity.tests.ProjectCreation"/>
</testsuite> <!-- com.training.sanity.tests.ProjectCreation -->
