<?xml version="1.0" encoding="UTF-8"?>
<!-- Generated by org.testng.reporters.JUnitReportReporter -->
<testsuite skipped="0" hostname="IBM038-R90J5NEW" name="com.training.sanity.tests.Simple_ELTC_012_LostPswd" tests="1" failures="0" timestamp="23 Oct 2019 18:54:12 GMT" time="26.593" errors="0">
  <testcase name="editProfileResetPassword" time="26.593" classname="com.training.sanity.tests.Simple_ELTC_012_LostPswd"/>
</testsuite> <!-- com.training.sanity.tests.Simple_ELTC_012_LostPswd -->
