<?xml version="1.0" encoding="UTF-8"?>
<!-- Generated by org.testng.reporters.JUnitReportReporter -->
<testsuite skipped="0" hostname="IBM038-R90J5NEW" name="com.training.sanity.tests.CourseAssessment" tests="1" failures="0" timestamp="07 Oct 2019 21:29:20 GMT" time="26.760" errors="0">
  <testcase name="CourseTestModule" time="26.760" classname="com.training.sanity.tests.CourseAssessment"/>
</testsuite> <!-- com.training.sanity.tests.CourseAssessment -->
