<?xml version="1.0" encoding="UTF-8"?>
<!-- Generated by org.testng.reporters.JUnitReportReporter -->
<testsuite skipped="0" hostname="IBM038-R90J5NEW" name="com.training.sanity.tests.CourseEnrollmentTest" tests="1" failures="0" timestamp="25 Sep 2019 18:42:40 GMT" time="24.892" errors="0">
  <testcase name="CourseCatalogSearchFunction" time="24.892" classname="com.training.sanity.tests.CourseEnrollmentTest"/>
</testsuite> <!-- com.training.sanity.tests.CourseEnrollmentTest -->
